::1 - schnupper [17/Mar/2016:17:29:23 +0100] "GET / HTTP/1.1" 403 209
::1 - schnupper [17/Mar/2016:17:31:47 +0100] "GET / HTTP/1.1" 403 209
::1 - schnupper [17/Mar/2016:17:31:47 +0100] "GET /favicon.ico HTTP/1.1" 404 209
::1 - schnupper [17/Mar/2016:17:31:48 +0100] "GET / HTTP/1.1" 403 209
::1 - schnupper [17/Mar/2016:17:31:51 +0100] "GET / HTTP/1.1" 403 209
::1 - schnupper [17/Mar/2016:17:31:51 +0100] "GET /favicon.ico HTTP/1.1" 404 209
::1 - schnupper [17/Mar/2016:17:31:52 +0100] "GET / HTTP/1.1" 403 209
::1 - schnupper [17/Mar/2016:17:31:52 +0100] "GET /favicon.ico HTTP/1.1" 404 209
::1 - schnupper [17/Mar/2016:17:31:53 +0100] "GET / HTTP/1.1" 403 209
::1 - schnupper [17/Mar/2016:17:31:53 +0100] "GET /favicon.ico HTTP/1.1" 404 209
::1 - schnupper [17/Mar/2016:17:33:53 +0100] "GET / HTTP/1.1" 401 381
::1 - schnupper [17/Mar/2016:17:33:53 +0100] "GET / HTTP/1.1" 403 209
::1 - schnupper [17/Mar/2016:17:33:53 +0100] "GET /favicon.ico HTTP/1.1" 404 209
::1 - schnupper [17/Mar/2016:17:33:55 +0100] "GET / HTTP/1.1" 403 209
::1 - schnupper [17/Mar/2016:17:33:56 +0100] "GET /favicon.ico HTTP/1.1" 404 209
::1 - schnupper [17/Mar/2016:17:33:57 +0100] "GET / HTTP/1.1" 403 209
::1 - schnupper [17/Mar/2016:17:36:24 +0100] "GET / HTTP/1.1" 403 209
::1 - schnupper [17/Mar/2016:17:37:07 +0100] "GET / HTTP/1.1" 403 209
::1 - schnupper [17/Mar/2016:17:37:07 +0100] "GET /favicon.ico HTTP/1.1" 404 209
::1 - schnupper [17/Mar/2016:17:37:08 +0100] "GET / HTTP/1.1" 403 209
::1 - schnupper [17/Mar/2016:17:37:08 +0100] "GET /favicon.ico HTTP/1.1" 404 209
::1 - schnupper [17/Mar/2016:17:37:09 +0100] "GET / HTTP/1.1" 403 209
::1 - schnupper [17/Mar/2016:17:37:42 +0100] "GET / HTTP/1.1" 403 209
::1 - schnupper [17/Mar/2016:17:37:42 +0100] "GET /favicon.ico HTTP/1.1" 404 209
::1 - schnupper [17/Mar/2016:17:37:42 +0100] "GET / HTTP/1.1" 403 209
::1 - schnupper [17/Mar/2016:17:37:43 +0100] "GET /favicon.ico HTTP/1.1" 404 209
::1 - schnupper [17/Mar/2016:17:37:43 +0100] "GET / HTTP/1.1" 403 209
::1 - schnupper [17/Mar/2016:17:37:43 +0100] "GET /favicon.ico HTTP/1.1" 404 209
::1 - schnupper [17/Mar/2016:17:37:43 +0100] "GET / HTTP/1.1" 403 209
::1 - schnupper [17/Mar/2016:17:37:43 +0100] "GET /favicon.ico HTTP/1.1" 404 209
::1 - schnupper [17/Mar/2016:17:39:18 +0100] "GET / HTTP/1.1" 401 381
::1 - schnupper [17/Mar/2016:17:39:18 +0100] "GET / HTTP/1.1" 403 209
::1 - schnupper [17/Mar/2016:17:39:18 +0100] "GET /favicon.ico HTTP/1.1" 404 209
::1 - schnupper [17/Mar/2016:17:39:18 +0100] "GET / HTTP/1.1" 403 209
::1 - schnupper [17/Mar/2016:17:39:18 +0100] "GET /favicon.ico HTTP/1.1" 404 209
::1 - schnupper [17/Mar/2016:17:42:56 +0100] "GET / HTTP/1.1" 200 203
::1 - schnupper [17/Mar/2016:17:42:58 +0100] "GET /test.txt HTTP/1.1" 200 -
::1 - - [17/Mar/2016:17:43:29 +0100] "OPTIONS / HTTP/1.1" 401 381
::1 - - [17/Mar/2016:17:43:29 +0100] "OPTIONS / HTTP/1.1" 401 381
::1 - - [17/Mar/2016:17:43:29 +0100] "OPTIONS / HTTP/1.1" 401 381
::1 - - [17/Mar/2016:17:43:36 +0100] "OPTIONS / HTTP/1.1" 401 381
::1 - schnupper [17/Mar/2016:17:43:36 +0100] "OPTIONS / HTTP/1.1" 200 -
::1 - - [17/Mar/2016:17:43:37 +0100] "PROPFIND / HTTP/1.1" 401 381
::1 - schnupper [17/Mar/2016:17:43:37 +0100] "PROPFIND / HTTP/1.1" 207 828
::1 - - [17/Mar/2016:17:43:37 +0100] "PROPFIND / HTTP/1.1" 401 381
::1 - schnupper [17/Mar/2016:17:43:37 +0100] "PROPFIND / HTTP/1.1" 207 828
::1 - - [17/Mar/2016:17:43:37 +0100] "PROPFIND /desktop.ini HTTP/1.1" 401 381
::1 - schnupper [17/Mar/2016:17:43:37 +0100] "PROPFIND /desktop.ini HTTP/1.1" 404 209
::1 - - [17/Mar/2016:17:43:37 +0100] "PROPFIND / HTTP/1.1" 401 381
::1 - schnupper [17/Mar/2016:17:43:37 +0100] "PROPFIND / HTTP/1.1" 207 1581
::1 - - [17/Mar/2016:17:43:39 +0100] "GET /test.txt HTTP/1.1" 401 381
::1 - schnupper [17/Mar/2016:17:43:39 +0100] "GET /test.txt HTTP/1.1" 200 -
::1 - - [17/Mar/2016:17:43:51 +0100] "PROPFIND / HTTP/1.1" 401 381
::1 - schnupper [17/Mar/2016:17:43:51 +0100] "PROPFIND / HTTP/1.1" 207 828
::1 - - [17/Mar/2016:17:43:51 +0100] "HEAD /test.txt HTTP/1.1" 401 -
::1 - schnupper [17/Mar/2016:17:43:51 +0100] "HEAD /test.txt HTTP/1.1" 200 -
::1 - - [17/Mar/2016:17:43:51 +0100] "PUT /test.txt HTTP/1.1" 401 381
::1 - schnupper [17/Mar/2016:17:43:51 +0100] "PUT /test.txt HTTP/1.1" 204 -
::1 - - [17/Mar/2016:17:43:51 +0100] "PROPPATCH /test.txt HTTP/1.1" 401 381
::1 - schnupper [17/Mar/2016:17:43:51 +0100] "PROPPATCH /test.txt HTTP/1.1" 207 392
::1 - - [17/Mar/2016:17:43:51 +0100] "PROPFIND /test.txt HTTP/1.1" 401 381
::1 - schnupper [17/Mar/2016:17:43:51 +0100] "PROPFIND /test.txt HTTP/1.1" 207 1201
